<?xml version="1.0" encoding="UTF-8"?>
<!-- Generated by org.testng.reporters.JUnitXMLReporter -->
<testsuite hostname="Neeta-PC" ignored="0" name="TestA 1" tests="3" failures="1" timestamp="22 Sep 2017 12:18:19 GMT" time="0.411" errors="0">
  <testcase name="test_N1" time="0.1" classname="extentreport.TestA_1"/>
  <testcase name="test_N2" time="0.011" classname="extentreport.TestA_1">
    <failure type="java.lang.AssertionError" message="null">
      <![CDATA[java.lang.AssertionError: null
	at extentreport.TestA_1.test_N2(TestA_1.java:19)
... Removed 28 stack frames]]>
    </failure>
  </testcase> <!-- test_N2 -->
  <testcase name="test_N3" time="0.0" classname="extentreport.TestA_1">
    <skipped/>
  </testcase> <!-- test_N3 -->
</testsuite> <!-- TestA 1 -->
