<?xml version="1.0" encoding="UTF-8"?>
<!-- Generated by org.testng.reporters.JUnitXMLReporter -->
<testsuite hostname="Neeta-PC" ignored="0" name="TestA 2" tests="3" failures="1" timestamp="22 Sep 2017 12:18:20 GMT" time="0.111" errors="0">
  <testcase name="test_M1" time="0.01" classname="extentreport.TestA_2">
    <skipped/>
  </testcase> <!-- test_M1 -->
  <testcase name="test_M2" time="0.01" classname="extentreport.TestA_2">
    <failure type="java.lang.AssertionError" message="null">
      <![CDATA[java.lang.AssertionError: null
	at extentreport.TestA_2.test_M2(TestA_2.java:20)
... Removed 28 stack frames]]>
    </failure>
  </testcase> <!-- test_M2 -->
  <testcase name="test_M3" time="0.0" classname="extentreport.TestA_2"/>
</testsuite> <!-- TestA 2 -->
