<?xml version="1.0" encoding="UTF-8"?>
<!-- Generated by org.testng.reporters.JUnitXMLReporter -->
<testsuite hostname="Neeta-PC" ignored="0" name="Test B1" tests="3" failures="1" timestamp="22 Sep 2017 12:18:20 GMT" time="0.03" errors="0">
  <testcase name="test_S1" time="0.0" classname="extentreport1.TestB_1">
    <skipped/>
  </testcase> <!-- test_S1 -->
  <testcase name="test_S2" time="0.01" classname="extentreport1.TestB_1">
    <failure type="java.lang.AssertionError" message="null">
      <![CDATA[java.lang.AssertionError: null
	at extentreport1.TestB_1.test_S2(TestB_1.java:20)
... Removed 28 stack frames]]>
    </failure>
  </testcase> <!-- test_S2 -->
  <testcase name="test_S3" time="0.0" classname="extentreport1.TestB_1"/>
</testsuite> <!-- Test B1 -->
