<?xml version="1.0" encoding="UTF-8"?>
<!-- Generated by org.testng.reporters.JUnitXMLReporter -->
<testsuite hostname="Neeta-PC" ignored="0" name="Test B2" tests="2" failures="1" timestamp="22 Sep 2017 12:18:20 GMT" time="0.02" errors="0">
  <testcase name="test_P2" time="0.0" classname="extentreport1.TestB_2">
    <skipped/>
  </testcase> <!-- test_P2 -->
  <testcase name="test_P3" time="0.0" classname="extentreport1.TestB_2">
    <failure type="java.lang.AssertionError" message="null">
      <![CDATA[java.lang.AssertionError: null
	at extentreport1.TestB_2.test_P3(TestB_2.java:21)
... Removed 28 stack frames]]>
    </failure>
  </testcase> <!-- test_P3 -->
</testsuite> <!-- Test B2 -->
